<?xml version="1.0" encoding="UTF-8"?>
<!-- Generated by org.testng.reporters.JUnitXMLReporter -->
<testsuite ignored="0" hostname="HP" failures="0" tests="3" name="Test" time="38.7" errors="0" timestamp="2021-06-14T19:59:43 IST">
  <testcase classname="Framework.ValidatePage" name="basePageNavigation" time="0.702"/>
  <testcase classname="Framework.HomePage" name="basepagenavigation" time="9.669"/>
  <testcase classname="Framework.HomePage" name="basepagenavigation" time="3.122"/>
</testsuite> <!-- Test -->
