<?xml version="1.0" encoding="UTF-8"?>
<!-- Generated by org.testng.reporters.JUnitXMLReporter -->
<testsuite ignored="0" hostname="HP" failures="0" tests="3" name="Test" time="20.831" errors="0" timestamp="2021-06-14T21:29:48 IST">
  <testcase classname="Framework.ValidatePage" name="basePageNavigation" time="0.216"/>
  <testcase classname="Framework.HomePage" name="basepagenavigation" time="4.654"/>
  <testcase classname="Framework.HomePage" name="basepagenavigation" time="2.926"/>
</testsuite> <!-- Test -->
