<?xml version="1.0" encoding="UTF-8"?>
<testng-results ignored="0" total="3" passed="3" failed="0" skipped="0">
  <reporter-output>
  </reporter-output>
  <suite started-at="2021-06-14T21:29:27 IST" name="Suite" finished-at="2021-06-14T21:29:48 IST" duration-ms="20831">
    <groups>
    </groups>
    <test started-at="2021-06-14T21:29:27 IST" name="Test" finished-at="2021-06-14T21:29:48 IST" duration-ms="20831">
      <class name="Framework.HomePage">
        <test-method is-config="true" signature="openBrowser()[pri:0, instance:Framework.HomePage@39de3d36]" started-at="2021-06-14T21:29:36 IST" name="openBrowser" finished-at="2021-06-14T21:29:39 IST" duration-ms="2524" status="PASS">
          <reporter-output>
          </reporter-output>
        </test-method> <!-- openBrowser -->
        <test-method signature="basepagenavigation(java.lang.String,java.lang.String)[pri:0, instance:Framework.HomePage@39de3d36]" started-at="2021-06-14T21:29:39 IST" name="basepagenavigation" data-provider="getData" finished-at="2021-06-14T21:29:43 IST" duration-ms="4654" status="PASS">
          <params>
            <param index="0">
              <value>
                <![CDATA[restricted@tester.com]]>
              </value>
            </param>
            <param index="1">
              <value>
                <![CDATA[12156]]>
              </value>
            </param>
          </params>
          <reporter-output>
          </reporter-output>
        </test-method> <!-- basepagenavigation -->
        <test-method signature="basepagenavigation(java.lang.String,java.lang.String)[pri:0, instance:Framework.HomePage@39de3d36]" started-at="2021-06-14T21:29:43 IST" name="basepagenavigation" data-provider="getData" finished-at="2021-06-14T21:29:46 IST" duration-ms="2926" status="PASS">
          <params>
            <param index="0">
              <value>
                <![CDATA[nonrestricted@tester.com]]>
              </value>
            </param>
            <param index="1">
              <value>
                <![CDATA[15235]]>
              </value>
            </param>
          </params>
          <reporter-output>
          </reporter-output>
        </test-method> <!-- basepagenavigation -->
        <test-method is-config="true" signature="closebrowser()[pri:0, instance:Framework.HomePage@39de3d36]" started-at="2021-06-14T21:29:46 IST" name="closebrowser" finished-at="2021-06-14T21:29:48 IST" duration-ms="2079" status="PASS">
          <reporter-output>
          </reporter-output>
        </test-method> <!-- closebrowser -->
      </class> <!-- Framework.HomePage -->
      <class name="Framework.ValidatePage">
        <test-method is-config="true" signature="openBrowser()[pri:0, instance:Framework.ValidatePage@332796d3]" started-at="2021-06-14T21:29:27 IST" name="openBrowser" finished-at="2021-06-14T21:29:35 IST" duration-ms="7166" status="PASS">
          <reporter-output>
          </reporter-output>
        </test-method> <!-- openBrowser -->
        <test-method signature="basePageNavigation()[pri:0, instance:Framework.ValidatePage@332796d3]" started-at="2021-06-14T21:29:35 IST" name="basePageNavigation" finished-at="2021-06-14T21:29:35 IST" duration-ms="216" status="PASS">
          <reporter-output>
          </reporter-output>
        </test-method> <!-- basePageNavigation -->
        <test-method is-config="true" signature="closebrowser()[pri:0, instance:Framework.ValidatePage@332796d3]" started-at="2021-06-14T21:29:35 IST" name="closebrowser" finished-at="2021-06-14T21:29:36 IST" duration-ms="1113" status="PASS">
          <reporter-output>
          </reporter-output>
        </test-method> <!-- closebrowser -->
      </class> <!-- Framework.ValidatePage -->
    </test> <!-- Test -->
  </suite> <!-- Suite -->
</testng-results>
